#
# A fatal error has been detected by the Java Runtime Environment:
#
#  SIGSEGV (0xb) at pc=0x00007fd6d105bdbb, pid=18296, tid=140560410863360
#
# JRE version: 6.0_27-b27
# Java VM: OpenJDK 64-Bit Server VM (20.0-b12 mixed mode linux-amd64 compressed oops)
# Derivative: IcedTea6 1.12.6
# Distribution: Ubuntu 12.04 LTS, package 6b27-1.12.6-1ubuntu0.12.04.2
# Problematic frame:
# V  [libjvm.so+0x769dbb]  UNICODE::utf8_length(unsigned short*, int)+0x1b
#
# If you would like to submit a bug report, please include
# instructions how to reproduce the bug and visit:
#   https://bugs.launchpad.net/ubuntu/+source/openjdk-6/
#

---------------  T H R E A D  ---------------

Current thread (0x00007fd6cc0af800):  JavaThread "JDWP Transport Listener: dt_socket" daemon [_thread_in_vm, id=18317, stack(0x00007fd6c54be000,0x00007fd6c55bf000)]

siginfo:si_signo=SIGSEGV: si_errno=0, si_code=1 (SEGV_MAPERR), si_addr=0x0000000000000010

Registers:
RAX=0x0000000000000000, RBX=0x00007fd678005578, RCX=0x0000000000000014, RDX=0x0000000000000000
RSP=0x00007fd6c55bd8e0, RBP=0x00007fd6c55bd8e0, RSI=0x000000000000004d, RDI=0x0000000000000010
R8 =0x0000000000000000, R9 =0x0101010101010101, R10=0x0000000000000020, R11=0x00007fd6d1759d4a
R12=0x00000000e1ffda80, R13=0x00007fd6cb9b8e80, R14=0x0000000000000000, R15=0x0000000000000001
RIP=0x00007fd6d105bdbb, EFLAGS=0x0000000000010246, CSGSFS=0x0000000000000033, ERR=0x0000000000000004
  TRAPNO=0x000000000000000e

Top of Stack: (sp=0x00007fd6c55bd8e0)
0x00007fd6c55bd8e0:   00007fd6c55bd960 00007fd6d0daf5ea
0x00007fd6c55bd8f0:   00007fd6cc0af800 0000000000000000
0x00007fd6c55bd900:   00007fd6cc0af9d0 00007fd6cb9b8e80
0x00007fd6c55bd910:   00007fd6cc0af800 00007fd6cb7a4fa2
0x00007fd6c55bd920:   00007fd6cc0af800 00007fd6cc0af800
0x00007fd6c55bd930:   00007fd6c55bd960 00007fd6cc0af9d0
0x00007fd6c55bd940:   00007fd678005578 00007fd6cb9b8e80
0x00007fd6c55bd950:   00007fd6c55bda20 0000000000000001
0x00007fd6c55bd960:   00007fd6c55bd9a0 00007fd6cb786ed2
0x00007fd6c55bd970:   0000000000000001 000000000000000a
0x00007fd6c55bd980:   0000000000000001 0000000000000000
0x00007fd6c55bd990:   000000000000000a 0000000000000001
0x00007fd6c55bd9a0:   00007fd6c55bdbe0 00007fd6cb78f630
0x00007fd6c55bd9b0:   000006e200000013 00007fd678010a00
0x00007fd6c55bd9c0:   00007fd670000f80 00007fd6d0e59724
0x00007fd6c55bd9d0:   00007fd670000f88 000000000000000b
0x00007fd6c55bd9e0:   000006e200000013 00007fd678010a00
0x00007fd6c55bd9f0:   00007fd670000f80 00007fd6780066b0
0x00007fd6c55bda00:   000006e200000013 00007fd678010a00
0x00007fd6c55bda10:   00007fd670000f80 00007fd6d1ea1e18
0x00007fd6c55bda20:   00007fd6c55bda70 00007fd60000012c
0x00007fd6c55bda30:   00007fd6c55bda38 0000000000000000
0x00007fd6c55bda40:   00007fd6c55bda70 0000000000000000
0x00007fd6c55bda50:   00007f0000000000 000006e200000014
0x00007fd6c55bda60:   0000000000000080 00007fd6c55bda70
0x00007fd6c55bda70:   0000000000000001 0000000100005429
0x00007fd6c55bda80:   7f00002900000000 000000e8620078d6
0x00007fd6c55bda90:   0000003b00000000 0000010100540000
0x00007fd6c55bdaa0:   00004b0000000000 000048c025ccd67f
0x00007fd6c55bdab0:   00000d0000000000 0001020054000000
0x00007fd6c55bdac0:   0048000000000000 0040610078d67f00
0x00007fd6c55bdad0:   0011000000000000 0103005400000000 

Instructions: (pc=0x00007fd6d105bdbb)
0x00007fd6d105bd9b:   03 5d c3 66 90 55 31 c0 85 f6 48 89 e5 7e 38 31
0x00007fd6d105bdab:   d2 eb 0d 66 90 48 83 c2 01 83 c0 01 39 d6 7e 27
0x00007fd6d105bdbb:   0f b7 0c 57 44 8d 41 ff 66 41 83 f8 7e 76 e6 44
0x00007fd6d105bdcb:   8d 40 02 83 c0 03 66 81 f9 ff 07 41 0f 46 c0 48 

Register to memory mapping:

RAX=0x0000000000000000 is an unknown value
RBX=0x00007fd678005578 is a global jni handle
RCX=0x0000000000000014 is an unknown value
RDX=0x0000000000000000 is an unknown value
RSP=0x00007fd6c55bd8e0 is pointing into the stack for thread: 0x00007fd6cc0af800
RBP=0x00007fd6c55bd8e0 is pointing into the stack for thread: 0x00007fd6cc0af800
RSI=0x000000000000004d is an unknown value
RDI=0x0000000000000010 is an unknown value
R8 =0x0000000000000000 is an unknown value
R9 =0x0101010101010101 is an unknown value
R10=0x0000000000000020 is an unknown value
R11=0x00007fd6d1759d4a: <offset 0x8bd4a> in /lib/x86_64-linux-gnu/libc.so.6 at 0x00007fd6d16ce000
R12=0x00000000e1ffda80 is an oop
java.lang.String 
 - klass: 'java/lang/String'
R13=0x00007fd6cb9b8e80: <offset 0x23ae80> in /usr/lib/jvm/java-6-openjdk-amd64/jre/lib/amd64/libjdwp.so at 0x00007fd6cb77e000
R14=0x0000000000000000 is an unknown value
R15=0x0000000000000001 is an unknown value


Stack: [0x00007fd6c54be000,0x00007fd6c55bf000],  sp=0x00007fd6c55bd8e0,  free space=1022k
Native frames: (J=compiled Java code, j=interpreted, Vv=VM code, C=native code)
V  [libjvm.so+0x769dbb]  UNICODE::utf8_length(unsigned short*, int)+0x1b
V  [libjvm.so+0x4bd5ea]  jni_GetStringUTFChars+0x8a
C  [libjdwp.so+0x8ed2]  __strcat_chk+0x8ed2
C  [libjdwp.so+0x11630]  Agent_OnLoad+0x28e0
C  [libjdwp.so+0x236fe]  Agent_OnLoad+0x149ae
V  [libjvm.so+0x5643f7]  JvmtiAgentThread::call_start_function()+0x97
V  [libjvm.so+0x74b348]  JavaThread::thread_main_inner()+0x58
V  [libjvm.so+0x64ac72]  java_start(Thread*)+0x112


---------------  P R O C E S S  ---------------

Java Threads: ( => current thread )
  0x00007fd6cc267800 JavaThread "MultiThreadedHttpConnectionManager cleanup" daemon [_thread_blocked, id=18329, stack(0x00007fd6c49de000,0x00007fd6c4adf000)]
  0x00007fd6cc1df800 JavaThread "ReaderThread" [_thread_in_native, id=18327, stack(0x00007fd6c4adf000,0x00007fd6c4be0000)]
  0x00007fd6cc0ba800 JavaThread "Low Memory Detector" daemon [_thread_blocked, id=18325, stack(0x00007fd6c4fb9000,0x00007fd6c50ba000)]
  0x00007fd6cc0b8800 JavaThread "C2 CompilerThread1" daemon [_thread_blocked, id=18324, stack(0x00007fd6c50ba000,0x00007fd6c51bb000)]
  0x00007fd6cc0b5800 JavaThread "C2 CompilerThread0" daemon [_thread_blocked, id=18323, stack(0x00007fd6c51bb000,0x00007fd6c52bc000)]
  0x00007fd678001000 JavaThread "JDWP Command Reader" daemon [_thread_in_native, id=18321, stack(0x00007fd6c52bc000,0x00007fd6c53bd000)]
  0x00007fd6cc0b3000 JavaThread "JDWP Event Helper Thread" daemon [_thread_blocked, id=18320, stack(0x00007fd6c53bd000,0x00007fd6c54be000)]
=>0x00007fd6cc0af800 JavaThread "JDWP Transport Listener: dt_socket" daemon [_thread_in_vm, id=18317, stack(0x00007fd6c54be000,0x00007fd6c55bf000)]
  0x00007fd6cc0a1800 JavaThread "Signal Dispatcher" daemon [_thread_blocked, id=18315, stack(0x00007fd6c57c4000,0x00007fd6c58c5000)]
  0x00007fd6cc083800 JavaThread "Finalizer" daemon [_thread_blocked, id=18314, stack(0x00007fd6c58c5000,0x00007fd6c59c6000)]
  0x00007fd6cc081800 JavaThread "Reference Handler" daemon [_thread_blocked, id=18313, stack(0x00007fd6c59c6000,0x00007fd6c5ac7000)]
  0x00007fd6cc00b800 JavaThread "main" [_thread_blocked, id=18302, stack(0x00007fd6d21b3000,0x00007fd6d22b4000)]

Other Threads:
  0x00007fd6cc07d000 VMThread [stack: 0x00007fd6c5ac7000,0x00007fd6c5bc8000] [id=18312]
  0x00007fd6cc0c5800 WatcherThread [stack: 0x00007fd6c4eb8000,0x00007fd6c4fb9000] [id=18326]

VM state:not at safepoint (normal execution)

VM Mutex/Monitor currently owned by a thread: None

Heap
 PSYoungGen      total 27648K, used 17876K [0x00000000e12b0000, 0x00000000e3180000, 0x0000000100000000)
  eden space 23744K, 58% used [0x00000000e12b0000,0x00000000e205bbe0,0x00000000e29e0000)
  from space 3904K, 99% used [0x00000000e29e0000,0x00000000e2da96c8,0x00000000e2db0000)
  to   space 3904K, 0% used [0x00000000e2db0000,0x00000000e2db0000,0x00000000e3180000)
 PSOldGen        total 63168K, used 5600K [0x00000000a3800000, 0x00000000a75b0000, 0x00000000e12b0000)
  object space 63168K, 8% used [0x00000000a3800000,0x00000000a3d78010,0x00000000a75b0000)
 PSPermGen       total 21248K, used 9197K [0x0000000099200000, 0x000000009a6c0000, 0x00000000a3800000)
  object space 21248K, 43% used [0x0000000099200000,0x0000000099afb438,0x000000009a6c0000)

Code Cache  [0x00007fd6c7453000, 0x00007fd6c76c3000, 0x00007fd6ca453000)
 total_blobs=431 nmethods=209 adapters=184 free_code_cache=48975296 largest_free_block=13824

Dynamic libraries:
00400000-00409000 r-xp 00000000 08:01 927420                             /usr/lib/jvm/java-6-openjdk-amd64/jre/bin/java
00608000-00609000 r--p 00008000 08:01 927420                             /usr/lib/jvm/java-6-openjdk-amd64/jre/bin/java
00609000-0060a000 rw-p 00009000 08:01 927420                             /usr/lib/jvm/java-6-openjdk-amd64/jre/bin/java
011a2000-011c3000 rw-p 00000000 00:00 0                                  [heap]
99200000-9a6c0000 rw-p 00000000 00:00 0 
9a6c0000-a3800000 rw-p 00000000 00:00 0 
a3800000-a75b0000 rw-p 00000000 00:00 0 
a75b0000-e12b0000 rw-p 00000000 00:00 0 
e12b0000-e3180000 rw-p 00000000 00:00 0 
e3180000-100000000 rw-p 00000000 00:00 0 
7fd658000000-7fd658021000 rw-p 00000000 00:00 0 
7fd658021000-7fd65c000000 ---p 00000000 00:00 0 
7fd660000000-7fd660021000 rw-p 00000000 00:00 0 
7fd660021000-7fd664000000 ---p 00000000 00:00 0 
7fd664000000-7fd664021000 rw-p 00000000 00:00 0 
7fd664021000-7fd668000000 ---p 00000000 00:00 0 
7fd668000000-7fd66a39d000 rw-p 00000000 00:00 0 
7fd66a39d000-7fd66c000000 ---p 00000000 00:00 0 
7fd66c000000-7fd66c021000 rw-p 00000000 00:00 0 
7fd66c021000-7fd670000000 ---p 00000000 00:00 0 
7fd670000000-7fd670021000 rw-p 00000000 00:00 0 
7fd670021000-7fd674000000 ---p 00000000 00:00 0 
7fd674000000-7fd67619c000 rw-p 00000000 00:00 0 
7fd67619c000-7fd678000000 ---p 00000000 00:00 0 
7fd678000000-7fd678201000 rw-p 00000000 00:00 0 
7fd678201000-7fd67c000000 ---p 00000000 00:00 0 
7fd67c000000-7fd67c021000 rw-p 00000000 00:00 0 
7fd67c021000-7fd680000000 ---p 00000000 00:00 0 
7fd680000000-7fd680021000 rw-p 00000000 00:00 0 
7fd680021000-7fd684000000 ---p 00000000 00:00 0 
7fd684000000-7fd684021000 rw-p 00000000 00:00 0 
7fd684021000-7fd688000000 ---p 00000000 00:00 0 
7fd688000000-7fd688021000 rw-p 00000000 00:00 0 
7fd688021000-7fd68c000000 ---p 00000000 00:00 0 
7fd68c000000-7fd68c021000 rw-p 00000000 00:00 0 
7fd68c021000-7fd690000000 ---p 00000000 00:00 0 
7fd690000000-7fd690021000 rw-p 00000000 00:00 0 
7fd690021000-7fd694000000 ---p 00000000 00:00 0 
7fd698000000-7fd698021000 rw-p 00000000 00:00 0 
7fd698021000-7fd69c000000 ---p 00000000 00:00 0 
7fd6a0000000-7fd6a0021000 rw-p 00000000 00:00 0 
7fd6a0021000-7fd6a4000000 ---p 00000000 00:00 0 
7fd6a8000000-7fd6a8021000 rw-p 00000000 00:00 0 
7fd6a8021000-7fd6ac000000 ---p 00000000 00:00 0 
7fd6b0000000-7fd6b0021000 rw-p 00000000 00:00 0 
7fd6b0021000-7fd6b4000000 ---p 00000000 00:00 0 
7fd6b8000000-7fd6b8021000 rw-p 00000000 00:00 0 
7fd6b8021000-7fd6bc000000 ---p 00000000 00:00 0 
7fd6bc000000-7fd6bc021000 rw-p 00000000 00:00 0 
7fd6bc021000-7fd6c0000000 ---p 00000000 00:00 0 
7fd6c0000000-7fd6c0021000 rw-p 00000000 00:00 0 
7fd6c0021000-7fd6c4000000 ---p 00000000 00:00 0 
7fd6c49de000-7fd6c49e1000 ---p 00000000 00:00 0 
7fd6c49e1000-7fd6c4adf000 rw-p 00000000 00:00 0                          [stack:18329]
7fd6c4adf000-7fd6c4ae2000 ---p 00000000 00:00 0 
7fd6c4ae2000-7fd6c4c11000 rw-p 00000000 00:00 0                          [stack:18327]
7fd6c4c11000-7fd6c4c26000 r-xp 00000000 08:01 927398                     /usr/lib/jvm/java-6-openjdk-amd64/jre/lib/amd64/libnet.so
7fd6c4c26000-7fd6c4e25000 ---p 00015000 08:01 927398                     /usr/lib/jvm/java-6-openjdk-amd64/jre/lib/amd64/libnet.so
7fd6c4e25000-7fd6c4e26000 r--p 00014000 08:01 927398                     /usr/lib/jvm/java-6-openjdk-amd64/jre/lib/amd64/libnet.so
7fd6c4e26000-7fd6c4e27000 rw-p 00015000 08:01 927398                     /usr/lib/jvm/java-6-openjdk-amd64/jre/lib/amd64/libnet.so
7fd6c4e27000-7fd6c4e2b000 r--s 00016000 08:01 10485787                   /home/madumohan/Desktop/AG-4.14/agraph-java-client-4.14_origi/lib/sesame/sesame-store-testsuite-2.7.11.jar
7fd6c4e4d000-7fd6c4e51000 r--s 0002a000 08:01 10360139                   /home/madumohan/Desktop/AG-4.14/agraph-java-client-4.14_origi/lib/commons-io-2.4.jar
7fd6c4e51000-7fd6c4e88000 r--s 001a6000 08:01 10485793                   /home/madumohan/Desktop/AG-4.14/agraph-java-client-4.14_origi/lib/sesame/sesame-sparql-testsuite-2.7.11.jar
7fd6c4e88000-7fd6c4eb8000 r--s 00253000 08:01 10485790                   /home/madumohan/Desktop/AG-4.14/agraph-java-client-4.14_origi/lib/sesame/openrdf-sesame-2.7.11-onejar.jar
7fd6c4eb8000-7fd6c4eb9000 ---p 00000000 00:00 0 
7fd6c4eb9000-7fd6c4fb9000 rw-p 00000000 00:00 0                          [stack:18326]
7fd6c4fb9000-7fd6c4fbc000 ---p 00000000 00:00 0 
7fd6c4fbc000-7fd6c50ba000 rw-p 00000000 00:00 0                          [stack:18325]
7fd6c50ba000-7fd6c50bd000 ---p 00000000 00:00 0 
7fd6c50bd000-7fd6c51bb000 rw-p 00000000 00:00 0                          [stack:18324]
7fd6c51bb000-7fd6c51be000 ---p 00000000 00:00 0 
7fd6c51be000-7fd6c52bc000 rw-p 00000000 00:00 0                          [stack:18323]
7fd6c52bc000-7fd6c52bf000 ---p 00000000 00:00 0 
7fd6c52bf000-7fd6c53bd000 rw-p 00000000 00:00 0                          [stack:18321]
7fd6c53bd000-7fd6c53c0000 ---p 00000000 00:00 0 
7fd6c53c0000-7fd6c54be000 rw-p 00000000 00:00 0                          [stack:18320]
7fd6c54be000-7fd6c54c1000 ---p 00000000 00:00 0 
7fd6c54c1000-7fd6c55bf000 rw-p 00000000 00:00 0                          [stack:18317]
7fd6c55bf000-7fd6c55c3000 r-xp 00000000 08:01 927416                     /usr/lib/jvm/java-6-openjdk-amd64/jre/lib/amd64/libdt_socket.so
7fd6c55c3000-7fd6c57c2000 ---p 00004000 08:01 927416                     /usr/lib/jvm/java-6-openjdk-amd64/jre/lib/amd64/libdt_socket.so
7fd6c57c2000-7fd6c57c3000 r--p 00003000 08:01 927416                     /usr/lib/jvm/java-6-openjdk-amd64/jre/lib/amd64/libdt_socket.so
7fd6c57c3000-7fd6c57c4000 rw-p 00004000 08:01 927416                     /usr/lib/jvm/java-6-openjdk-amd64/jre/lib/amd64/libdt_socket.so
7fd6c57c4000-7fd6c57c7000 ---p 00000000 00:00 0 
7fd6c57c7000-7fd6c58c5000 rw-p 00000000 00:00 0                          [stack:18315]
7fd6c58c5000-7fd6c58c8000 ---p 00000000 00:00 0 
7fd6c58c8000-7fd6c59c6000 rw-p 00000000 00:00 0                          [stack:18314]
7fd6c59c6000-7fd6c59c9000 ---p 00000000 00:00 0 
7fd6c59c9000-7fd6c5ac7000 rw-p 00000000 00:00 0                          [stack:18313]
7fd6c5ac7000-7fd6c5ac8000 ---p 00000000 00:00 0 
7fd6c5ac8000-7fd6c64d1000 rw-p 00000000 00:00 0                          [stack:18312]
7fd6c64d1000-7fd6c6665000 r--s 03807000 08:01 792959                     /usr/lib/jvm/java-6-openjdk-amd64/jre/lib/rt.jar
7fd6c6665000-7fd6c6666000 ---p 00000000 00:00 0 
7fd6c6666000-7fd6c6766000 rw-p 00000000 00:00 0                          [stack:18311]
7fd6c6766000-7fd6c6767000 ---p 00000000 00:00 0 
7fd6c6767000-7fd6c6867000 rw-p 00000000 00:00 0                          [stack:18310]
7fd6c6867000-7fd6c6868000 ---p 00000000 00:00 0 
7fd6c6868000-7fd6c6968000 rw-p 00000000 00:00 0                          [stack:18309]
7fd6c6968000-7fd6c6969000 ---p 00000000 00:00 0 
7fd6c6969000-7fd6c6a69000 rw-p 00000000 00:00 0                          [stack:18308]
7fd6c6a69000-7fd6c6a6a000 ---p 00000000 00:00 0 
7fd6c6a6a000-7fd6c6b6a000 rw-p 00000000 00:00 0                          [stack:18307]
7fd6c6b6a000-7fd6c6b6b000 ---p 00000000 00:00 0 
7fd6c6b6b000-7fd6c6c6b000 rw-p 00000000 00:00 0                          [stack:18306]
7fd6c6c6b000-7fd6c6c6c000 ---p 00000000 00:00 0 
7fd6c6c6c000-7fd6c6d6c000 rw-p 00000000 00:00 0                          [stack:18305]
7fd6c6d6c000-7fd6c6d6d000 ---p 00000000 00:00 0 
7fd6c6d6d000-7fd6c6e8c000 rw-p 00000000 00:00 0                          [stack:18304]
7fd6c6e8c000-7fd6c705b000 rw-p 00000000 00:00 0 
7fd6c705b000-7fd6c7066000 rw-p 00000000 00:00 0 
7fd6c7066000-7fd6c70ae000 rw-p 00000000 00:00 0 
7fd6c70ae000-7fd6c70cd000 rw-p 00000000 00:00 0 
7fd6c70cd000-7fd6c729b000 rw-p 00000000 00:00 0 
7fd6c729b000-7fd6c72ab000 rw-p 00000000 00:00 0 
7fd6c72ab000-7fd6c7392000 rw-p 00000000 00:00 0 
7fd6c7392000-7fd6c739d000 rw-p 00000000 00:00 0 
7fd6c739d000-7fd6c7453000 rw-p 00000000 00:00 0 
7fd6c7453000-7fd6c76c3000 rwxp 00000000 00:00 0 
7fd6c76c3000-7fd6ca453000 rw-p 00000000 00:00 0 
7fd6ca453000-7fd6ca45a000 r-xp 00000000 08:01 927362                     /usr/lib/jvm/java-6-openjdk-amd64/jre/lib/amd64/libzip.so
7fd6ca45a000-7fd6ca659000 ---p 00007000 08:01 927362                     /usr/lib/jvm/java-6-openjdk-amd64/jre/lib/amd64/libzip.so
7fd6ca659000-7fd6ca65a000 r--p 00006000 08:01 927362                     /usr/lib/jvm/java-6-openjdk-amd64/jre/lib/amd64/libzip.so
7fd6ca65a000-7fd6ca65b000 rw-p 00007000 08:01 927362                     /usr/lib/jvm/java-6-openjdk-amd64/jre/lib/amd64/libzip.so
7fd6ca65b000-7fd6ca667000 r-xp 00000000 08:01 14811265                   /lib/x86_64-linux-gnu/libnss_files-2.15.so
7fd6ca667000-7fd6ca866000 ---p 0000c000 08:01 14811265                   /lib/x86_64-linux-gnu/libnss_files-2.15.so
7fd6ca866000-7fd6ca867000 r--p 0000b000 08:01 14811265                   /lib/x86_64-linux-gnu/libnss_files-2.15.so
7fd6ca867000-7fd6ca868000 rw-p 0000c000 08:01 14811265                   /lib/x86_64-linux-gnu/libnss_files-2.15.so
7fd6ca868000-7fd6ca872000 r-xp 00000000 08:01 14811261                   /lib/x86_64-linux-gnu/libnss_nis-2.15.so
7fd6ca872000-7fd6caa72000 ---p 0000a000 08:01 14811261                   /lib/x86_64-linux-gnu/libnss_nis-2.15.so
7fd6caa72000-7fd6caa73000 r--p 0000a000 08:01 14811261                   /lib/x86_64-linux-gnu/libnss_nis-2.15.so
7fd6caa73000-7fd6caa74000 rw-p 0000b000 08:01 14811261                   /lib/x86_64-linux-gnu/libnss_nis-2.15.so
7fd6caa74000-7fd6caa8b000 r-xp 00000000 08:01 14814952                   /lib/x86_64-linux-gnu/libnsl-2.15.so
7fd6caa8b000-7fd6cac8a000 ---p 00017000 08:01 14814952                   /lib/x86_64-linux-gnu/libnsl-2.15.so
7fd6cac8a000-7fd6cac8b000 r--p 00016000 08:01 14814952                   /lib/x86_64-linux-gnu/libnsl-2.15.so
7fd6cac8b000-7fd6cac8c000 rw-p 00017000 08:01 14814952                   /lib/x86_64-linux-gnu/libnsl-2.15.so
7fd6cac8c000-7fd6cac8e000 rw-p 00000000 00:00 0 
7fd6cac8e000-7fd6cac96000 r-xp 00000000 08:01 14811266                   /lib/x86_64-linux-gnu/libnss_compat-2.15.so
7fd6cac96000-7fd6cae95000 ---p 00008000 08:01 14811266                   /lib/x86_64-linux-gnu/libnss_compat-2.15.so
7fd6cae95000-7fd6cae96000 r--p 00007000 08:01 14811266                   /lib/x86_64-linux-gnu/libnss_compat-2.15.so
7fd6cae96000-7fd6cae97000 rw-p 00008000 08:01 14811266                   /lib/x86_64-linux-gnu/libnss_compat-2.15.so
7fd6cae97000-7fd6cb57a000 r--p 00000000 08:01 530696                     /usr/lib/locale/locale-archive
7fd6cb57a000-7fd6cb57d000 r-xp 00000000 08:01 927394                     /usr/lib/jvm/java-6-openjdk-amd64/jre/lib/amd64/libnpt.so
7fd6cb57d000-7fd6cb77c000 ---p 00003000 08:01 927394                     /usr/lib/jvm/java-6-openjdk-amd64/jre/lib/amd64/libnpt.so
7fd6cb77c000-7fd6cb77d000 r--p 00002000 08:01 927394                     /usr/lib/jvm/java-6-openjdk-amd64/jre/lib/amd64/libnpt.so
7fd6cb77d000-7fd6cb77e000 rw-p 00003000 08:01 927394                     /usr/lib/jvm/java-6-openjdk-amd64/jre/lib/amd64/libnpt.so
7fd6cb77e000-7fd6cb7b8000 r-xp 00000000 08:01 927395                     /usr/lib/jvm/java-6-openjdk-amd64/jre/lib/amd64/libjdwp.so
7fd6cb7b8000-7fd6cb9b7000 ---p 0003a000 08:01 927395                     /usr/lib/jvm/java-6-openjdk-amd64/jre/lib/amd64/libjdwp.so
7fd6cb9b7000-7fd6cb9b8000 r--p 00039000 08:01 927395                     /usr/lib/jvm/java-6-openjdk-amd64/jre/lib/amd64/libjdwp.so
7fd6cb9b8000-7fd6cb9b9000 rw-p 0003a000 08:01 927395                     /usr/lib/jvm/java-6-openjdk-amd64/jre/lib/amd64/libjdwp.so
7fd6cb9b9000-7fd6cb9e5000 r-xp 00000000 08:01 927360                     /usr/lib/jvm/java-6-openjdk-amd64/jre/lib/amd64/libjava.so
7fd6cb9e5000-7fd6cbbe4000 ---p 0002c000 08:01 927360                     /usr/lib/jvm/java-6-openjdk-amd64/jre/lib/amd64/libjava.so
7fd6cbbe4000-7fd6cbbe5000 r--p 0002b000 08:01 927360                     /usr/lib/jvm/java-6-openjdk-amd64/jre/lib/amd64/libjava.so
7fd6cbbe5000-7fd6cbbe8000 rw-p 0002c000 08:01 927360                     /usr/lib/jvm/java-6-openjdk-amd64/jre/lib/amd64/libjava.so
7fd6cbbe8000-7fd6cbbf6000 r-xp 00000000 08:01 927412                     /usr/lib/jvm/java-6-openjdk-amd64/jre/lib/amd64/libverify.so
7fd6cbbf6000-7fd6cbdf5000 ---p 0000e000 08:01 927412                     /usr/lib/jvm/java-6-openjdk-amd64/jre/lib/amd64/libverify.so
7fd6cbdf5000-7fd6cbdf7000 r--p 0000d000 08:01 927412                     /usr/lib/jvm/java-6-openjdk-amd64/jre/lib/amd64/libverify.so
7fd6cbdf7000-7fd6cbdf8000 rw-p 0000f000 08:01 927412                     /usr/lib/jvm/java-6-openjdk-amd64/jre/lib/amd64/libverify.so
7fd6cbdf8000-7fd6cbdff000 r-xp 00000000 08:01 14811259                   /lib/x86_64-linux-gnu/librt-2.15.so
7fd6cbdff000-7fd6cbffe000 ---p 00007000 08:01 14811259                   /lib/x86_64-linux-gnu/librt-2.15.so
7fd6cbffe000-7fd6cbfff000 r--p 00006000 08:01 14811259                   /lib/x86_64-linux-gnu/librt-2.15.so
7fd6cbfff000-7fd6cc000000 rw-p 00007000 08:01 14811259                   /lib/x86_64-linux-gnu/librt-2.15.so
7fd6cc000000-7fd6cc4d9000 rw-p 00000000 00:00 0 
7fd6cc4d9000-7fd6d0000000 ---p 00000000 00:00 0 
7fd6d000d000-7fd6d0014000 r--s 000fc000 08:01 529969                     /usr/lib/jvm/java-6-openjdk-common/jre/lib/resources.jar
7fd6d0014000-7fd6d0017000 r--s 0007f000 08:01 529970                     /usr/lib/jvm/java-6-openjdk-common/jre/lib/jsse.jar
7fd6d0017000-7fd6d001a000 r--s 0001f000 08:01 10485776                   /home/madumohan/Desktop/AG-4.14/agraph-java-client-4.14_origi/lib/jena/jena-iri-1.0.1.jar
7fd6d001a000-7fd6d0036000 r--s 00155000 08:01 10485775                   /home/madumohan/Desktop/AG-4.14/agraph-java-client-4.14_origi/lib/jena/jena-core-2.11.1.jar
7fd6d0036000-7fd6d004d000 r--s 00132000 08:01 10485781                   /home/madumohan/Desktop/AG-4.14/agraph-java-client-4.14_origi/lib/jena/jena-core-2.11.1-tests.jar
7fd6d004d000-7fd6d007f000 r--s 0025f000 08:01 10485777                   /home/madumohan/Desktop/AG-4.14/agraph-java-client-4.14_origi/lib/jena/jena-arq-2.11.1.jar
7fd6d007f000-7fd6d008a000 r--s 0008c000 08:01 10485778                   /home/madumohan/Desktop/AG-4.14/agraph-java-client-4.14_origi/lib/jena/jena-arq-2.11.1-tests.jar
7fd6d008a000-7fd6d0097000 r--s 000a5000 08:01 10485797                   /home/madumohan/Desktop/AG-4.14/agraph-java-client-4.14_origi/lib/callimachus/openrdf-alibaba-2.0-rc7.jar
7fd6d0097000-7fd6d0099000 r--s 0000a000 08:01 10485785                   /home/madumohan/Desktop/AG-4.14/agraph-java-client-4.14_origi/lib/sesame/commons-codec-1.3.jar
7fd6d0099000-7fd6d009b000 r--s 0000d000 08:01 10485763                   /home/madumohan/Desktop/AG-4.14/agraph-java-client-4.14_origi/lib/logging/commons-logging-1.1.1.jar
7fd6d009b000-7fd6d00a4000 r--s 0002d000 08:01 10485782                   /home/madumohan/Desktop/AG-4.14/agraph-java-client-4.14_origi/lib/jena/xml-apis-1.4.01.jar
7fd6d00a4000-7fd6d00e0000 r--s 00308000 08:01 9701433                    /home/madumohan/Desktop/AG-4.14/agraph-java-client-4.14_origi/clojure/libs/clojure-1.4.0.jar
7fd6d00e0000-7fd6d00f5000 r-xp 00000000 08:01 14814764                   /lib/x86_64-linux-gnu/libgcc_s.so.1
7fd6d00f5000-7fd6d02f4000 ---p 00015000 08:01 14814764                   /lib/x86_64-linux-gnu/libgcc_s.so.1
7fd6d02f4000-7fd6d02f5000 r--p 00014000 08:01 14814764                   /lib/x86_64-linux-gnu/libgcc_s.so.1
7fd6d02f5000-7fd6d02f6000 rw-p 00015000 08:01 14814764                   /lib/x86_64-linux-gnu/libgcc_s.so.1
7fd6d02f6000-7fd6d03f1000 r-xp 00000000 08:01 14811263                   /lib/x86_64-linux-gnu/libm-2.15.so
7fd6d03f1000-7fd6d05f0000 ---p 000fb000 08:01 14811263                   /lib/x86_64-linux-gnu/libm-2.15.so
7fd6d05f0000-7fd6d05f1000 r--p 000fa000 08:01 14811263                   /lib/x86_64-linux-gnu/libm-2.15.so
7fd6d05f1000-7fd6d05f2000 rw-p 000fb000 08:01 14811263                   /lib/x86_64-linux-gnu/libm-2.15.so
7fd6d05f2000-7fd6d06d4000 r-xp 00000000 08:01 531882                     /usr/lib/x86_64-linux-gnu/libstdc++.so.6.0.16
7fd6d06d4000-7fd6d08d3000 ---p 000e2000 08:01 531882                     /usr/lib/x86_64-linux-gnu/libstdc++.so.6.0.16
7fd6d08d3000-7fd6d08db000 r--p 000e1000 08:01 531882                     /usr/lib/x86_64-linux-gnu/libstdc++.so.6.0.16
7fd6d08db000-7fd6d08dd000 rw-p 000e9000 08:01 531882                     /usr/lib/x86_64-linux-gnu/libstdc++.so.6.0.16
7fd6d08dd000-7fd6d08f2000 rw-p 00000000 00:00 0 
7fd6d08f2000-7fd6d11f2000 r-xp 00000000 08:01 927401                     /usr/lib/jvm/java-6-openjdk-amd64/jre/lib/amd64/server/libjvm.so
7fd6d11f2000-7fd6d13f2000 ---p 00900000 08:01 927401                     /usr/lib/jvm/java-6-openjdk-amd64/jre/lib/amd64/server/libjvm.so
7fd6d13f2000-7fd6d1473000 r--p 00900000 08:01 927401                     /usr/lib/jvm/java-6-openjdk-amd64/jre/lib/amd64/server/libjvm.so
7fd6d1473000-7fd6d148e000 rw-p 00981000 08:01 927401                     /usr/lib/jvm/java-6-openjdk-amd64/jre/lib/amd64/server/libjvm.so
7fd6d148e000-7fd6d14b7000 rw-p 00000000 00:00 0 
7fd6d14b7000-7fd6d14cd000 r-xp 00000000 08:01 14814854                   /lib/x86_64-linux-gnu/libz.so.1.2.3.4
7fd6d14cd000-7fd6d16cc000 ---p 00016000 08:01 14814854                   /lib/x86_64-linux-gnu/libz.so.1.2.3.4
7fd6d16cc000-7fd6d16cd000 r--p 00015000 08:01 14814854                   /lib/x86_64-linux-gnu/libz.so.1.2.3.4
7fd6d16cd000-7fd6d16ce000 rw-p 00016000 08:01 14814854                   /lib/x86_64-linux-gnu/libz.so.1.2.3.4
7fd6d16ce000-7fd6d1883000 r-xp 00000000 08:01 14811159                   /lib/x86_64-linux-gnu/libc-2.15.so
7fd6d1883000-7fd6d1a82000 ---p 001b5000 08:01 14811159                   /lib/x86_64-linux-gnu/libc-2.15.so
7fd6d1a82000-7fd6d1a86000 r--p 001b4000 08:01 14811159                   /lib/x86_64-linux-gnu/libc-2.15.so
7fd6d1a86000-7fd6d1a88000 rw-p 001b8000 08:01 14811159                   /lib/x86_64-linux-gnu/libc-2.15.so
7fd6d1a88000-7fd6d1a8d000 rw-p 00000000 00:00 0 
7fd6d1a8d000-7fd6d1a8f000 r-xp 00000000 08:01 14811148                   /lib/x86_64-linux-gnu/libdl-2.15.so
7fd6d1a8f000-7fd6d1c8f000 ---p 00002000 08:01 14811148                   /lib/x86_64-linux-gnu/libdl-2.15.so
7fd6d1c8f000-7fd6d1c90000 r--p 00002000 08:01 14811148                   /lib/x86_64-linux-gnu/libdl-2.15.so
7fd6d1c90000-7fd6d1c91000 rw-p 00003000 08:01 14811148                   /lib/x86_64-linux-gnu/libdl-2.15.so
7fd6d1c91000-7fd6d1c95000 r-xp 00000000 08:01 927414                     /usr/lib/jvm/java-6-openjdk-amd64/jre/lib/amd64/jli/libjli.so
7fd6d1c95000-7fd6d1e94000 ---p 00004000 08:01 927414                     /usr/lib/jvm/java-6-openjdk-amd64/jre/lib/amd64/jli/libjli.so
7fd6d1e94000-7fd6d1e95000 r--p 00003000 08:01 927414                     /usr/lib/jvm/java-6-openjdk-amd64/jre/lib/amd64/jli/libjli.so
7fd6d1e95000-7fd6d1e96000 rw-p 00004000 08:01 927414                     /usr/lib/jvm/java-6-openjdk-amd64/jre/lib/amd64/jli/libjli.so
7fd6d1e96000-7fd6d1eae000 r-xp 00000000 08:01 14811257                   /lib/x86_64-linux-gnu/libpthread-2.15.so
7fd6d1eae000-7fd6d20ad000 ---p 00018000 08:01 14811257                   /lib/x86_64-linux-gnu/libpthread-2.15.so
7fd6d20ad000-7fd6d20ae000 r--p 00017000 08:01 14811257                   /lib/x86_64-linux-gnu/libpthread-2.15.so
7fd6d20ae000-7fd6d20af000 rw-p 00018000 08:01 14811257                   /lib/x86_64-linux-gnu/libpthread-2.15.so
7fd6d20af000-7fd6d20b3000 rw-p 00000000 00:00 0 
7fd6d20b3000-7fd6d20d5000 r-xp 00000000 08:01 14811269                   /lib/x86_64-linux-gnu/ld-2.15.so
7fd6d20d6000-7fd6d20d8000 r--s 00005000 08:01 10485767                   /home/madumohan/Desktop/AG-4.14/agraph-java-client-4.14_origi/lib/logging/slf4j-api-1.6.1.jar
7fd6d20d8000-7fd6d20f1000 r--s 00134000 08:01 10485780                   /home/madumohan/Desktop/AG-4.14/agraph-java-client-4.14_origi/lib/jena/xercesImpl-2.10.0.jar
7fd6d20f1000-7fd6d20f7000 r--s 00045000 08:01 10485788                   /home/madumohan/Desktop/AG-4.14/agraph-java-client-4.14_origi/lib/sesame/commons-httpclient-3.1.jar
7fd6d20f7000-7fd6d20fa000 r--s 00016000 08:01 10360138                   /home/madumohan/Desktop/AG-4.14/agraph-java-client-4.14_origi/lib/commons-pool-1.5.6.jar
7fd6d20fa000-7fd6d20fc000 r--s 00014000 08:01 10360135                   /home/madumohan/Desktop/AG-4.14/agraph-java-client-4.14_origi/lib/servlet-api-2.5.jar
7fd6d20fc000-7fd6d20fd000 r--s 00008000 08:01 10360142                   /home/madumohan/Desktop/AG-4.14/agraph-java-client-4.14_origi/lib/json.jar
7fd6d20fd000-7fd6d20ff000 r--s 00009000 08:01 10360137                   /home/madumohan/Desktop/AG-4.14/agraph-java-client-4.14_origi/lib/commons-cli-1.2.jar
7fd6d20ff000-7fd6d2105000 r--s 00034000 08:01 10360140                   /home/madumohan/Desktop/AG-4.14/agraph-java-client-4.14_origi/lib/junit-4.8.1.jar
7fd6d2105000-7fd6d216b000 rw-p 00000000 00:00 0 
7fd6d216b000-7fd6d21b3000 rw-p 00000000 00:00 0 
7fd6d21b3000-7fd6d21b6000 ---p 00000000 00:00 0 
7fd6d21b6000-7fd6d22b9000 rw-p 00000000 00:00 0                          [stack:18302]
7fd6d22b9000-7fd6d22ba000 r--s 00001000 08:01 10485768                   /home/madumohan/Desktop/AG-4.14/agraph-java-client-4.14_origi/lib/logging/slf4j-jcl-1.6.1.jar
7fd6d22ba000-7fd6d22bb000 r--s 00007000 08:01 792934                     /usr/share/java/java-atk-wrapper.jar
7fd6d22bb000-7fd6d22be000 r--s 00077000 08:01 655716                     /usr/lib/jvm/java-6-openjdk-common/jre/lib/ext/localedata.jar
7fd6d22be000-7fd6d22c1000 r--s 00031000 08:01 655721                     /usr/lib/jvm/java-6-openjdk-common/jre/lib/ext/sunjce_provider.jar
7fd6d22c1000-7fd6d22c3000 r--s 00001000 08:01 655717                     /usr/lib/jvm/java-6-openjdk-common/jre/lib/ext/dnsns.jar
7fd6d22c3000-7fd6d22c7000 r--s 00039000 08:01 655714                     /usr/lib/jvm/java-6-openjdk-common/jre/lib/ext/sunpkcs11.jar
7fd6d22c7000-7fd6d22c9000 r--s 0000f000 08:01 655715                     /usr/lib/jvm/java-6-openjdk-common/jre/lib/ext/pulse-java.jar
7fd6d22c9000-7fd6d22d1000 rw-s 00000000 08:01 8394235                    /tmp/hsperfdata_madumohan/18296
7fd6d22d1000-7fd6d22d2000 rw-p 00000000 00:00 0 
7fd6d22d2000-7fd6d22d3000 r--p 00000000 00:00 0 
7fd6d22d3000-7fd6d22d5000 rw-p 00000000 00:00 0 
7fd6d22d5000-7fd6d22d6000 r--p 00022000 08:01 14811269                   /lib/x86_64-linux-gnu/ld-2.15.so
7fd6d22d6000-7fd6d22d8000 rw-p 00023000 08:01 14811269                   /lib/x86_64-linux-gnu/ld-2.15.so
7fffe27b5000-7fffe27d7000 rw-p 00000000 00:00 0                          [stack]
7fffe27ff000-7fffe2800000 r-xp 00000000 00:00 0                          [vdso]
ffffffffff600000-ffffffffff601000 r-xp 00000000 00:00 0                  [vsyscall]

VM Arguments:
jvm_args: -agentlib:jdwp=transport=dt_socket,suspend=y,address=localhost:51800 -Dfile.encoding=UTF-8 
java_command: org.eclipse.jdt.internal.junit.runner.RemoteTestRunner -version 3 -port 39597 -testLoaderClass org.eclipse.jdt.internal.junit4.runner.JUnit4TestLoader -loaderpluginname org.eclipse.jdt.junit4.runtime -test test.EncodableNamespaceTests:encodableNamespaces_rfe10197
Launcher Type: SUN_STANDARD

Environment Variables:
PATH=/usr/lib/lightdm/lightdm:/usr/local/sbin:/usr/local/bin:/usr/sbin:/usr/bin:/sbin:/bin:/usr/games
LD_LIBRARY_PATH=/usr/lib/jvm/java-6-openjdk-amd64/jre/lib/amd64/server:/usr/lib/jvm/java-6-openjdk-amd64/jre/lib/amd64:/usr/lib/jvm/java-6-openjdk-amd64/jre/../lib/amd64
SHELL=/bin/bash
DISPLAY=:0

Signal Handlers:
SIGSEGV: [libjvm.so+0x7837a0], sa_mask[0]=0x7ffbfeff, sa_flags=0x10000004
SIGBUS: [libjvm.so+0x7837a0], sa_mask[0]=0x7ffbfeff, sa_flags=0x10000004
SIGFPE: [libjvm.so+0x647720], sa_mask[0]=0x7ffbfeff, sa_flags=0x10000004
SIGPIPE: [libjvm.so+0x647720], sa_mask[0]=0x7ffbfeff, sa_flags=0x10000004
SIGXFSZ: [libjvm.so+0x647720], sa_mask[0]=0x7ffbfeff, sa_flags=0x10000004
SIGILL: [libjvm.so+0x647720], sa_mask[0]=0x7ffbfeff, sa_flags=0x10000004
SIGUSR1: SIG_DFL, sa_mask[0]=0x00000000, sa_flags=0x00000000
SIGUSR2: [libjvm.so+0x647900], sa_mask[0]=0x00000004, sa_flags=0x10000004
SIGHUP: [libjvm.so+0x64a2d0], sa_mask[0]=0x7ffbfeff, sa_flags=0x10000004
SIGINT: [libjvm.so+0x64a2d0], sa_mask[0]=0x7ffbfeff, sa_flags=0x10000004
SIGTERM: [libjvm.so+0x64a2d0], sa_mask[0]=0x7ffbfeff, sa_flags=0x10000004
SIGQUIT: [libjvm.so+0x64a2d0], sa_mask[0]=0x7ffbfeff, sa_flags=0x10000004


---------------  S Y S T E M  ---------------

OS:Ubuntu 12.04 (precise)
uname:Linux 3.5.0-23-generic #35~precise1-Ubuntu SMP Fri Jan 25 17:13:26 UTC 2013 x86_64
libc:glibc 2.15 NPTL 2.15 
rlimit: STACK 8192k, CORE 0k, NPROC 47200, NOFILE 4096, AS infinity
load average:0.24 0.22 0.36

/proc/meminfo:
MemTotal:        6060212 kB
MemFree:         3090468 kB
Buffers:           37920 kB
Cached:          1557264 kB
SwapCached:        19652 kB
Active:          1422772 kB
Inactive:        1337668 kB
Active(anon):    1099736 kB
Inactive(anon):  1175324 kB
Active(file):     323036 kB
Inactive(file):   162344 kB
Unevictable:          16 kB
Mlocked:              16 kB
SwapTotal:       6236156 kB
SwapFree:        5989016 kB
Dirty:                92 kB
Writeback:             0 kB
AnonPages:       1157948 kB
Mapped:           509424 kB
Shmem:           1109816 kB
Slab:              76164 kB
SReclaimable:      36560 kB
SUnreclaim:        39604 kB
KernelStack:        4104 kB
PageTables:        38464 kB
NFS_Unstable:          0 kB
Bounce:                0 kB
WritebackTmp:          0 kB
CommitLimit:     9266260 kB
Committed_AS:    7697336 kB
VmallocTotal:   34359738367 kB
VmallocUsed:      568884 kB
VmallocChunk:   34359159127 kB
HardwareCorrupted:     0 kB
AnonHugePages:         0 kB
HugePages_Total:       0
HugePages_Free:        0
HugePages_Rsvd:        0
HugePages_Surp:        0
Hugepagesize:       2048 kB
DirectMap4k:       71680 kB
DirectMap2M:     6168576 kB


CPU:total 8 (4 cores per cpu, 2 threads per core) family 6 model 42 stepping 7, cmov, cx8, fxsr, mmx, sse, sse2, sse3, ssse3, sse4.1, sse4.2, popcnt, ht

Memory: 4k page, physical 6060212k(3090468k free), swap 6236156k(5989016k free)

vm_info: OpenJDK 64-Bit Server VM (20.0-b12) for linux-amd64 JRE (1.6.0_27-b27), built on Jul 17 2013 13:53:24 by "buildd" with gcc 4.6.3

time: Wed Jun 11 16:58:31 2014
elapsed time: 44 seconds

